modules/expo-device-control/android/build/intermediates/manifest_merge_blame_file/debug/processDebugManifest/manifest-merger-blame-debug-report.txt
1<?xml version="1.0" encoding="utf-8"?>
2<manifest xmlns:android="http://schemas.android.com/apk/res/android"
3    package="expo.modules.devicecontrol" >
4
5    <uses-sdk android:minSdkVersion="24" />
6
7    <uses-permission android:name="android.permission.ACCESS_WIFI_STATE" />
7-->src/main/AndroidManifest.xml:2:3-74
7-->src/main/AndroidManifest.xml:2:20-71
8    <uses-permission android:name="android.permission.ACCESS_NETWORK_STATE" />
8-->src/main/AndroidManifest.xml:3:3-77
8-->src/main/AndroidManifest.xml:3:20-74
9
10    <application>
10-->src/main/AndroidManifest.xml:4:3-16:17
11        <receiver
11-->src/main/AndroidManifest.xml:5:5-15:16
12            android:name="expo.modules.devicecontrol.DeviceControlAdminReceiver"
12-->src/main/AndroidManifest.xml:6:7-75
13            android:exported="true"
13-->src/main/AndroidManifest.xml:8:7-30
14            android:permission="android.permission.BIND_DEVICE_ADMIN" >
14-->src/main/AndroidManifest.xml:7:7-64
15            <meta-data
15-->src/main/AndroidManifest.xml:9:7-11:57
16                android:name="android.app.device_admin"
16-->src/main/AndroidManifest.xml:10:9-48
17                android:resource="@xml/device_admin_receiver" />
17-->src/main/AndroidManifest.xml:11:9-54
18
19            <intent-filter>
19-->src/main/AndroidManifest.xml:12:7-14:23
20                <action android:name="android.app.action.DEVICE_ADMIN_ENABLED" />
20-->src/main/AndroidManifest.xml:13:9-74
20-->src/main/AndroidManifest.xml:13:17-71
21            </intent-filter>
22        </receiver>
23    </application>
24
25</manifest>